[21:36:50] [ServerMain/INFO]: Environment: Environment[sessionHost=https://sessionserver.mojang.com, servicesHost=https://api.minecraftservices.com, name=PROD]
[21:36:52] [ServerMain/INFO]: Loaded 1337 recipes
[21:36:52] [ServerMain/INFO]: Loaded 1448 advancements
[21:36:52] [Server thread/INFO]: Starting minecraft server version 1.21.2
[21:36:52] [Server thread/INFO]: Loading properties
[21:36:52] [Server thread/INFO]: Default game type: SURVIVAL
[21:36:52] [Server thread/INFO]: Generating keypair
[21:36:53] [Server thread/INFO]: Starting Minecraft server on *:25565
[21:36:53] [Server thread/INFO]: Using epoll channel type
[21:36:53] [Server thread/WARN]: **** SERVER IS RUNNING IN OFFLINE/INSECURE MODE!
[21:36:53] [Server thread/WARN]: The server will make no attempt to authenticate usernames. Beware.
[21:36:53] [Server thread/WARN]: While this makes the game possible to play without internet access, it also opens up the ability for hackers to connect with any username they choose.
[21:36:53] [Server thread/WARN]: To change this, set "online-mode" to "true" in the server.properties file.
[21:36:53] [Server thread/INFO]: Preparing level "world"
[21:36:53] [Server thread/INFO]: Preparing start region for dimension minecraft:overworld
[21:36:56] [Worker-Main-3/INFO]: Preparing spawn area: 0%
[21:36:56] [Worker-Main-3/INFO]: Preparing spawn area: 0%
[21:36:56] [Worker-Main-3/INFO]: Preparing spawn area: 0%
[21:36:56] [Worker-Main-3/INFO]: Preparing spawn area: 0%
[21:36:56] [Worker-Main-3/INFO]: Preparing spawn area: 0%
[21:36:56] [Worker-Main-3/INFO]: Preparing spawn area: 0%
[21:36:56] [Server thread/INFO]: Time elapsed: 2997 ms
[21:36:56] [Server thread/INFO]: Done (3.334s)! For help, type "help"
[21:37:56] [Server thread/INFO]: Server empty for 60 seconds, pausing
[21:38:51] [Server thread/INFO]: Papaleta_pro284[/127.52.12.241:40701] logged in with entity id 27 at (-162.79245339056243, 67.0, 814.1028773728484)
[21:38:51] [Server thread/INFO]: Papaleta_pro284 joined the game
[21:40:10] [Server thread/INFO]: Papaleta_pro284 drowned while trying to escape Drowned
[21:47:03] [Server thread/INFO]: Papaleta_pro284 lost connection: Disconnected
[21:47:03] [Server thread/INFO]: Papaleta_pro284 left the game
[21:48:03] [Server thread/INFO]: Server empty for 60 seconds, pausing
[21:53:44] [Server thread/INFO]: Papaleta_pro284[/127.52.12.241:32913] logged in with entity id 2148 at (-259.26607254851024, 66.0, 344.4200518470609)
[21:53:44] [Server thread/INFO]: Papaleta_pro284 joined the game
